{"/Users/harryriley/GoogleDrive/Harry/Python/makers/Projects/makers-course/week_10/bank_tech_test/app/account.js": {"path":"/Users/harryriley/GoogleDrive/Harry/Python/makers/Projects/makers-course/week_10/bank_tech_test/app/account.js","statementMap":{"0":{"start":{"line":3,"column":4},"end":{"line":3,"column":21}},"1":{"start":{"line":7,"column":4},"end":{"line":7,"column":44}}},"fnMap":{"0":{"name":"(anonymous_0)","decl":{"start":{"line":2,"column":2},"end":{"line":2,"column":3}},"loc":{"start":{"line":2,"column":16},"end":{"line":4,"column":3}},"line":2},"1":{"name":"(anonymous_1)","decl":{"start":{"line":6,"column":2},"end":{"line":6,"column":3}},"loc":{"start":{"line":6,"column":31},"end":{"line":8,"column":4}},"line":6}},"branchMap":{},"s":{"0":6,"1":11},"f":{"0":6,"1":11},"b":{},"_coverageSchema":"43e27e138ebf9cfc5966b082cf9a028302ed4184","hash":"6507882b38762f02c7c32a23f6c273a0cc5c0628"}
,"/Users/harryriley/GoogleDrive/Harry/Python/makers/Projects/makers-course/week_10/bank_tech_test/app/transaction.js": {"path":"/Users/harryriley/GoogleDrive/Harry/Python/makers/Projects/makers-course/week_10/bank_tech_test/app/transaction.js","statementMap":{"0":{"start":{"line":3,"column":4},"end":{"line":3,"column":20}},"1":{"start":{"line":7,"column":2},"end":{"line":7,"column":30}},"2":{"start":{"line":11,"column":4},"end":{"line":11,"column":32}},"3":{"start":{"line":15,"column":4},"end":{"line":15,"column":23}}},"fnMap":{"0":{"name":"(anonymous_0)","decl":{"start":{"line":2,"column":2},"end":{"line":2,"column":3}},"loc":{"start":{"line":2,"column":16},"end":{"line":4,"column":3}},"line":2},"1":{"name":"(anonymous_1)","decl":{"start":{"line":6,"column":2},"end":{"line":6,"column":3}},"loc":{"start":{"line":6,"column":23},"end":{"line":8,"column":3}},"line":6},"2":{"name":"(anonymous_2)","decl":{"start":{"line":10,"column":2},"end":{"line":10,"column":3}},"loc":{"start":{"line":10,"column":22},"end":{"line":12,"column":5}},"line":10},"3":{"name":"(anonymous_3)","decl":{"start":{"line":14,"column":2},"end":{"line":14,"column":3}},"loc":{"start":{"line":14,"column":14},"end":{"line":16,"column":3}},"line":14}},"branchMap":{},"s":{"0":12,"1":7,"2":5,"3":10},"f":{"0":12,"1":7,"2":5,"3":10},"b":{},"_coverageSchema":"43e27e138ebf9cfc5966b082cf9a028302ed4184","hash":"df1673e19c2b3f4e556520875f50edb9b9e62144"}
}
