TN:
SF:/Users/harryriley/GoogleDrive/Harry/Python/makers/Projects/makers-course/week_10/bank_tech_test/app/account.js
FN:2,(anonymous_0)
FN:7,(anonymous_1)
FNF:2
FNH:2
FNDA:10,(anonymous_0)
FNDA:19,(anonymous_1)
DA:3,10
DA:4,10
DA:8,19
DA:9,19
LF:4
LH:4
BRF:0
BRH:0
end_of_record
TN:
SF:/Users/harryriley/GoogleDrive/Harry/Python/makers/Projects/makers-course/week_10/bank_tech_test/app/transaction.js
FN:2,(anonymous_0)
FN:7,(anonymous_1)
FN:12,(anonymous_2)
FN:17,(anonymous_3)
FN:21,(anonymous_4)
FNF:5
FNH:5
FNDA:14,(anonymous_0)
FNDA:8,(anonymous_1)
FNDA:6,(anonymous_2)
FNDA:15,(anonymous_3)
FNDA:1,(anonymous_4)
DA:3,14
DA:4,14
DA:8,8
DA:9,8
DA:13,6
DA:14,6
DA:18,15
DA:22,1
LF:8
LH:8
BRF:0
BRH:0
end_of_record
TN:
SF:/Users/harryriley/GoogleDrive/Harry/Python/makers/Projects/makers-course/week_10/bank_tech_test/tests/test_helper/date-helper.js
FN:1,(anonymous_0)
FN:4,(anonymous_1)
FN:8,(anonymous_2)
FN:16,(anonymous_3)
FNF:4
FNH:4
FNDA:2,(anonymous_0)
FNDA:1,(anonymous_1)
FNDA:2,(anonymous_2)
FNDA:1,(anonymous_3)
DA:1,1
DA:4,2
DA:5,1
DA:7,1
DA:9,2
DA:11,2
DA:16,2
DA:17,1
LF:8
LH:8
BRF:0
BRH:0
end_of_record
