TN:
SF:/Users/harryriley/GoogleDrive/Harry/Python/makers/Projects/makers-course/week_10/bank_tech_test/app/account.js
FN:2,(anonymous_0)
FN:6,(anonymous_1)
FNF:2
FNH:2
FNDA:4,(anonymous_0)
FNDA:8,(anonymous_1)
DA:3,4
DA:7,8
LF:2
LH:2
BRF:0
BRH:0
end_of_record
TN:
SF:/Users/harryriley/GoogleDrive/Harry/Python/makers/Projects/makers-course/week_10/bank_tech_test/app/transaction.js
FN:2,(anonymous_0)
FN:6,(anonymous_1)
FN:10,(anonymous_2)
FNF:3
FNH:3
FNDA:10,(anonymous_0)
FNDA:6,(anonymous_1)
FNDA:4,(anonymous_2)
DA:3,10
DA:7,6
DA:11,4
LF:3
LH:3
BRF:0
BRH:0
end_of_record
